<?xml version="1.0" encoding="UTF-8"?>
<!-- Generated by org.testng.reporters.JUnitReportReporter -->
<testsuite hostname="Galinas-Air" name="com.sqa.gy.nestle.NestleTest" tests="4" failures="0" timestamp="5 Feb 2017 01:18:40 GMT" time="38.639" errors="0">
  <testcase name="searchNestleSiteTest" time="9.803" classname="com.sqa.gy.nestle.NestleTest"/>
  <testcase name="searchNestleSiteTest" time="9.816" classname="com.sqa.gy.nestle.NestleTest"/>
  <testcase name="searchNestleSiteTest" time="9.721" classname="com.sqa.gy.nestle.NestleTest"/>
  <testcase name="searchNestleSiteTest" time="9.299" classname="com.sqa.gy.nestle.NestleTest"/>
</testsuite> <!-- com.sqa.gy.nestle.NestleTest -->
