<?xml version="1.0" encoding="UTF-8"?>
<!-- Generated by org.testng.reporters.JUnitReportReporter -->
<testsuite hostname="Galinas-Air" name="com.sqa.gy.nestle.NestleTest" tests="1" failures="0" timestamp="4 Feb 2017 23:38:58 GMT" time="10.483" errors="0">
  <testcase name="searchNestleSiteTest" time="10.483" classname="com.sqa.gy.nestle.NestleTest"/>
</testsuite> <!-- com.sqa.gy.nestle.NestleTest -->
